2022-08-28 18:08:20,945: INFO|main: Beginning data ingestion from Extrasolar Planet Encyclopedia API
2022-08-28 18:08:20,961: INFO|ingestion: Getting raw data from API...
2022-08-28 18:08:31,960: INFO|ingestion: Data successfully retrieved from API!
2022-08-28 18:08:31,960: INFO|ingestion: Checking source data...
2022-08-28 18:08:32,042: INFO|ingestion: There are 5154 new records to add...
2022-08-28 18:08:32,042: INFO|ingestion: Writing records to database...
2022-08-28 18:08:34,546: INFO|ingestion: Data has successfully been written to the database.
2022-08-28 18:08:34,568: INFO|transform: Updating dimension tables...
2022-08-28 18:08:34,664: INFO|transform: Dimension tables have been updated!
2022-08-28 18:08:34,664: INFO|transform: Adding facts to fact table(s)...
2022-08-28 18:08:34,728: INFO|transform: Facts have been added to fact table(s)!
2022-08-28 18:08:34,732: INFO|main: Ingestion complete!
2022-08-28 18:10:48,607: INFO|main: Beginning data ingestion from Extrasolar Planet Encyclopedia API
2022-08-28 18:10:48,625: INFO|ingestion: Getting raw data from API...
2022-08-28 18:10:53,470: INFO|ingestion: Data successfully retrieved from API!
2022-08-28 18:10:53,470: INFO|ingestion: Checking source data...
2022-08-28 18:10:53,551: INFO|ingestion: Preparing to update source data...
2022-08-28 18:10:53,588: INFO|ingestion: There are 0 new records to add...
2022-08-28 18:10:53,589: INFO|ingestion: Writing records to database...
2022-08-28 18:10:53,609: INFO|ingestion: Data has successfully been written to the database.
2022-08-28 18:10:53,620: INFO|transform: Updating dimension tables...
2022-08-28 18:10:53,658: INFO|transform: Dimension tables have been updated!
2022-08-28 18:10:53,658: INFO|transform: Adding facts to fact table(s)...
2022-08-28 18:10:53,673: INFO|transform: Facts have been added to fact table(s)!
2022-08-28 18:10:53,676: INFO|main: Ingestion complete!
